#
# There is insufficient memory for the Java Runtime Environment to continue.
# Native memory allocation (mmap) failed to map 232783872 bytes for Failed to commit area from 0x0000000722000000 to 0x000000072fe00000 of length 232783872.
# Possible reasons:
#   The system is out of physical RAM or swap space
#   The process is running with CompressedOops enabled, and the Java Heap may be blocking the growth of the native heap
# Possible solutions:
#   Reduce memory load on the system
#   Increase physical memory or swap space
#   Check if swap backing store is full
#   Decrease Java heap size (-Xmx/-Xms)
#   Decrease number of Java threads
#   Decrease Java thread stack sizes (-Xss)
#   Set larger code cache with -XX:ReservedCodeCacheSize=
# This output file may be truncated or incomplete.
#
#  Out of Memory Error (./src/hotspot/os/windows/os_windows.cpp:3387), pid=23432, tid=38688
#
# JRE version:  (11.0.14.1+1) (build )
# Java VM: OpenJDK 64-Bit Server VM (11.0.14.1+1, mixed mode, sharing, tiered, compressed oops, g1 gc, windows-amd64)
# No core dump will be written. Minidumps are not enabled by default on client versions of Windows
#

---------------  S U M M A R Y ------------

Command Line: -Dfile.encoding=UTF-8 

Host: AMD Ryzen 7 5800H with Radeon Graphics         , 16 cores, 13G,  Windows 11 , 64 bit Build 22621 (10.0.22621.2215)
Time: Wed Sep 20 15:26:59 2023 W. Europe Daylight Time elapsed time: 0.011825 seconds (0d 0h 0m 0s)

---------------  T H R E A D  ---------------

Current thread (0x000001dd74028800):  JavaThread "Unknown thread" [_thread_in_vm, id=38688, stack(0x0000005f4a200000,0x0000005f4a300000)]

Stack: [0x0000005f4a200000,0x0000005f4a300000]
Native frames: (J=compiled Java code, j=interpreted, Vv=VM code, C=native code)
V  [jvm.dll+0x61e59a]
V  [jvm.dll+0x7aaca9]
V  [jvm.dll+0x7ac398]
V  [jvm.dll+0x7aca73]
V  [jvm.dll+0x24f9b8]
V  [jvm.dll+0x61b83a]
V  [jvm.dll+0x6100c5]
V  [jvm.dll+0x30772c]
V  [jvm.dll+0x3075b2]
V  [jvm.dll+0x30c2d6]
V  [jvm.dll+0x35272f]
V  [jvm.dll+0x352160]
V  [jvm.dll+0x2e4728]
V  [jvm.dll+0x2e5886]
V  [jvm.dll+0x784b07]
V  [jvm.dll+0x78628f]
V  [jvm.dll+0x35f479]
V  [jvm.dll+0x767aa0]
V  [jvm.dll+0x3ccf1f]
V  [jvm.dll+0x3cf2b1]
C  [jli.dll+0x5207]
C  [ucrtbase.dll+0x29363]
C  [KERNEL32.DLL+0x1257d]
C  [ntdll.dll+0x5aa68]


---------------  P R O C E S S  ---------------

Threads class SMR info:
_java_thread_list=0x000001dd71e54a50, length=0, elements={
}

Java Threads: ( => current thread )

Other Threads:
  0x000001dd74041000 GCTaskThread "GC Thread#0" [stack: 0x0000005f4a300000,0x0000005f4a400000] [id=35136]
  0x000001dd74096000 ConcurrentGCThread "G1 Main Marker" [stack: 0x0000005f4a400000,0x0000005f4a500000] [id=27924]
  0x000001dd74098800 ConcurrentGCThread "G1 Conc#0" [stack: 0x0000005f4a500000,0x0000005f4a600000] [id=28176]

[error occurred during error reporting (printing all threads), id 0xc0000005, EXCEPTION_ACCESS_VIOLATION (0xc0000005) at pc=0x00007ffa22483ef7]

VM state:not at safepoint (not fully initialized)

VM Mutex/Monitor currently owned by a thread:  ([mutex/lock_event])
[0x000001dd740232a0] Heap_lock - owner thread: 0x000001dd74028800

Heap address: 0x0000000722000000, size: 3552 MB, Compressed Oops mode: Non-zero based: 0x0000000722000000
Narrow klass base: 0x0000000000000000, Narrow klass shift: 0

GC Heap History (0 events):
No events

Deoptimization events (0 events):
No events

Classes redefined (0 events):
No events

Internal exceptions (0 events):
No events

Events (1 events):
Event: 0.007 Loaded shared library C:\Program Files\Unity\Hub\Editor\2022.3.8f1\Editor\Data\PlaybackEngines\AndroidPlayer\OpenJDK\bin\zip.dll


Dynamic libraries:
0x00007ff779c50000 - 0x00007ff779c5d000 	C:\Program Files\Unity\Hub\Editor\2022.3.8f1\Editor\Data\PlaybackEngines\AndroidPlayer\OpenJDK\bin\java.exe
0x00007ffa87790000 - 0x00007ffa879a4000 	C:\WINDOWS\SYSTEM32\ntdll.dll
0x00007ffa86270000 - 0x00007ffa86334000 	C:\WINDOWS\System32\KERNEL32.DLL
0x00007ffa84b40000 - 0x00007ffa84ee4000 	C:\WINDOWS\System32\KERNELBASE.dll
0x00007ffa85150000 - 0x00007ffa85261000 	C:\WINDOWS\System32\ucrtbase.dll
0x00007ffa7bb00000 - 0x00007ffa7bb17000 	C:\Program Files\Unity\Hub\Editor\2022.3.8f1\Editor\Data\PlaybackEngines\AndroidPlayer\OpenJDK\bin\jli.dll
0x00007ffa7bad0000 - 0x00007ffa7bae5000 	C:\Program Files\Unity\Hub\Editor\2022.3.8f1\Editor\Data\PlaybackEngines\AndroidPlayer\OpenJDK\bin\VCRUNTIME140.dll
0x00007ffa85e90000 - 0x00007ffa8603e000 	C:\WINDOWS\System32\USER32.dll
0x00007ffa84ef0000 - 0x00007ffa84f16000 	C:\WINDOWS\System32\win32u.dll
0x00007ffa6cf50000 - 0x00007ffa6d1e3000 	C:\WINDOWS\WinSxS\amd64_microsoft.windows.common-controls_6595b64144ccf1df_6.0.22621.2215_none_270d72677387dfc3\COMCTL32.dll
0x00007ffa86980000 - 0x00007ffa869a9000 	C:\WINDOWS\System32\GDI32.dll
0x00007ffa85de0000 - 0x00007ffa85e87000 	C:\WINDOWS\System32\msvcrt.dll
0x00007ffa85030000 - 0x00007ffa85148000 	C:\WINDOWS\System32\gdi32full.dll
0x00007ffa84f90000 - 0x00007ffa8502a000 	C:\WINDOWS\System32\msvcp_win.dll
0x00007ffa87200000 - 0x00007ffa87231000 	C:\WINDOWS\System32\IMM32.DLL
0x00007ffa6d790000 - 0x00007ffa6d82b000 	C:\Program Files\Unity\Hub\Editor\2022.3.8f1\Editor\Data\PlaybackEngines\AndroidPlayer\OpenJDK\bin\msvcp140.dll
0x00007ffa22190000 - 0x00007ffa22d11000 	C:\Program Files\Unity\Hub\Editor\2022.3.8f1\Editor\Data\PlaybackEngines\AndroidPlayer\OpenJDK\bin\server\jvm.dll
0x00007ffa86870000 - 0x00007ffa86920000 	C:\WINDOWS\System32\ADVAPI32.dll
0x00007ffa859f0000 - 0x00007ffa85a96000 	C:\WINDOWS\System32\sechost.dll
0x00007ffa85580000 - 0x00007ffa85697000 	C:\WINDOWS\System32\RPCRT4.dll
0x00007ffa85950000 - 0x00007ffa85958000 	C:\WINDOWS\System32\PSAPI.DLL
0x00007ffa5d660000 - 0x00007ffa5d669000 	C:\WINDOWS\SYSTEM32\WSOCK32.dll
0x00007ffa76650000 - 0x00007ffa76684000 	C:\WINDOWS\SYSTEM32\WINMM.dll
0x00007ffa858d0000 - 0x00007ffa85941000 	C:\WINDOWS\System32\WS2_32.dll
0x00007ffa7f660000 - 0x00007ffa7f66a000 	C:\WINDOWS\SYSTEM32\VERSION.dll
0x00007ffa83bf0000 - 0x00007ffa83c08000 	C:\WINDOWS\SYSTEM32\kernel.appcore.dll
0x00007ffa7ca00000 - 0x00007ffa7ca10000 	C:\Program Files\Unity\Hub\Editor\2022.3.8f1\Editor\Data\PlaybackEngines\AndroidPlayer\OpenJDK\bin\verify.dll
0x00007ffa825c0000 - 0x00007ffa827ee000 	C:\WINDOWS\SYSTEM32\DBGHELP.DLL
0x00007ffa864e0000 - 0x00007ffa8686a000 	C:\WINDOWS\System32\combase.dll
0x00007ffa857f0000 - 0x00007ffa858c7000 	C:\WINDOWS\System32\OLEAUT32.dll
0x00007ffa7cb00000 - 0x00007ffa7cb32000 	C:\WINDOWS\SYSTEM32\dbgcore.DLL
0x00007ffa85270000 - 0x00007ffa852ea000 	C:\WINDOWS\System32\bcryptPrimitives.dll
0x00007ffa6e8c0000 - 0x00007ffa6e8e8000 	C:\Program Files\Unity\Hub\Editor\2022.3.8f1\Editor\Data\PlaybackEngines\AndroidPlayer\OpenJDK\bin\java.dll
0x00007ffa7c5d0000 - 0x00007ffa7c5da000 	C:\Program Files\Unity\Hub\Editor\2022.3.8f1\Editor\Data\PlaybackEngines\AndroidPlayer\OpenJDK\bin\jimage.dll
0x00007ffa7b6a0000 - 0x00007ffa7b6b8000 	C:\Program Files\Unity\Hub\Editor\2022.3.8f1\Editor\Data\PlaybackEngines\AndroidPlayer\OpenJDK\bin\zip.dll

dbghelp: loaded successfully - version: 4.0.5 - missing functions: none
symbol engine: initialized successfully - sym options: 0x614 - pdb path: .;C:\Program Files\Unity\Hub\Editor\2022.3.8f1\Editor\Data\PlaybackEngines\AndroidPlayer\OpenJDK\bin;C:\WINDOWS\SYSTEM32;C:\WINDOWS\WinSxS\amd64_microsoft.windows.common-controls_6595b64144ccf1df_6.0.22621.2215_none_270d72677387dfc3;C:\Program Files\Unity\Hub\Editor\2022.3.8f1\Editor\Data\PlaybackEngines\AndroidPlayer\OpenJDK\bin\server

VM Arguments:
jvm_args: -Dfile.encoding=UTF-8 
java_command: <unknown>
java_class_path (initial): <not set>
Launcher Type: SUN_STANDARD

[Global flags]
     intx CICompilerCount                          = 12                                        {product} {ergonomic}
     uint ConcGCThreads                            = 3                                         {product} {ergonomic}
     uint G1ConcRefinementThreads                  = 13                                        {product} {ergonomic}
   size_t G1HeapRegionSize                         = 1048576                                   {product} {ergonomic}
    uintx GCDrainStackTargetSize                   = 64                                        {product} {ergonomic}
   size_t InitialHeapSize                          = 232783872                                 {product} {ergonomic}
   size_t MarkStackSize                            = 4194304                                   {product} {ergonomic}
   size_t MaxHeapSize                              = 3724541952                                {product} {ergonomic}
   size_t MinHeapDeltaBytes                        = 1048576                                   {product} {ergonomic}
    uintx NonNMethodCodeHeapSize                   = 7594288                                {pd product} {ergonomic}
    uintx NonProfiledCodeHeapSize                  = 122031976                              {pd product} {ergonomic}
    uintx ProfiledCodeHeapSize                     = 122031976                              {pd product} {ergonomic}
    uintx ReservedCodeCacheSize                    = 251658240                              {pd product} {ergonomic}
     bool SegmentedCodeCache                       = true                                      {product} {ergonomic}
     bool UseCompressedClassPointers               = true                                 {lp64_product} {ergonomic}
     bool UseCompressedOops                        = true                                 {lp64_product} {ergonomic}
     bool UseG1GC                                  = true                                      {product} {ergonomic}
     bool UseLargePagesIndividualAllocation        = false                                  {pd product} {ergonomic}

Logging:
Log output configuration:
 #0: stdout all=warning uptime,level,tags
 #1: stderr all=off uptime,level,tags

Environment Variables:
JAVA_HOME=C:\Program Files\Unity\Hub\Editor\2022.3.8f1\Editor\Data\PlaybackEngines\AndroidPlayer\OpenJDK
JAVA_TOOL_OPTIONS=-Dfile.encoding=UTF-8
PATH=C:\Program Files\Oculus\Support\oculus-runtime;C:\Windows\system32;C:\Windows;C:\Windows\System32\Wbem;C:\Windows\System32\WindowsPowerShell\v1.0\;C:\Windows\System32\OpenSSH\;C:\Program Files (x86)\NVIDIA Corporation\PhysX\Common;C:\WINDOWS\system32;C:\WINDOWS;C:\WINDOWS\System32\Wbem;C:\WINDOWS\System32\WindowsPowerShell\v1.0\;C:\WINDOWS\System32\OpenSSH\;C:\Program Files\Git\cmd;C:\Program Files\dotnet\;%SystemRoot%\system32;%SystemRoot%;%SystemRoot%\System32\Wbem;%SYSTEMROOT%\System32\WindowsPowerShell\v1.0\;%SYSTEMROOT%\System32\OpenSSH\;C:\Users\engda\AppData\Local\Microsoft\WindowsApps;C:\Users\engda\AppData\Local\GitHubDesktop\bin;C:\Users\engda\AppData\Local\Programs\Microsoft VS Code\bin;C:\Users\engda\.dotnet\tools;
USERNAME=engda
OS=Windows_NT
PROCESSOR_IDENTIFIER=AMD64 Family 25 Model 80 Stepping 0, AuthenticAMD



---------------  S Y S T E M  ---------------

OS: Windows 11 , 64 bit Build 22621 (10.0.22621.2215)
OS uptime: 5 days 4:25 hours

CPU:total 16 (initial active 16) (16 cores per cpu, 2 threads per core) family 25 model 80 stepping 0 microcode 0x0, cmov, cx8, fxsr, mmx, sse, sse2, sse3, ssse3, sse4.1, sse4.2, popcnt, avx, avx2, aes, clmul, erms, mmxext, 3dnowpref, lzcnt, sse4a, ht, tsc, tscinvbit, tscinv, bmi1, bmi2, adx, sha, fma

Memory: 4k page, system-wide physical 14204M (1983M free)
TotalPageFile size 57212M (AvailPageFile size 41M)
current process WorkingSet (physical memory assigned to process): 10M, peak: 10M
current process commit charge ("private bytes"): 71M, peak: 293M

vm_info: OpenJDK 64-Bit Server VM (11.0.14.1+1) for windows-amd64 JRE (11.0.14.1+1), built on Feb  9 2022 01:48:27 by "" with unknown MS VC++:1916

END.
